<?xml version="1.0" encoding="UTF-8"?>
<!-- Generated by org.testng.reporters.JUnitXMLReporter -->
<testsuite ignored="1" hostname="vivobook-asuslaptop-x512flc-x512fl" failures="1" tests="3" name="Surefire test" time="100.137" errors="0" timestamp="2023-08-23T14:35:59 IST">
  <testcase classname="com.apollo2.HSB_65.imageloading" name="login" time="61.586"/>
  <testcase classname="com.apollo2.HSB_65.imageloading" name="sectionselect" time="13.628"/>
  <testcase classname="com.apollo2.HSB_65.imageloading" name="imagelaodingcell" time="21.798">
    <failure type="java.lang.AssertionError" message="Values should be different. Actual: B_118_FB10-SL_357-ST_NISL-SE_1069_compressed.jp2">
      <![CDATA[java.lang.AssertionError: Values should be different. Actual: B_118_FB10-SL_357-ST_NISL-SE_1069_compressed.jp2
at org.junit.Assert.fail(Assert.java:88)
at org.junit.Assert.failEquals(Assert.java:185)
at org.junit.Assert.assertNotEquals(Assert.java:161)
at org.junit.Assert.assertNotEquals(Assert.java:175)
at com.apollo2.HSB_65.imageloading.imagelaodingcell(imageloading.java:130)
at java.base/java.util.ArrayList.forEach(ArrayList.java:1511)
... Removed 32 stack frames]]>
    </failure>
  </testcase> <!-- imagelaodingcell -->
  <testcase classname="com.apollo2.HSB_65.imageloading" name="imagelaodingatlas" time="0.0">
    <ignored/>
  </testcase> <!-- imagelaodingatlas -->
</testsuite> <!-- Surefire test -->
