<?xml version="1.0" encoding="UTF-8"?>
<!-- Generated by org.testng.reporters.JUnitXMLReporter -->
<testsuite ignored="1" hostname="vivobook-asuslaptop-x512flc-x512fl" failures="0" tests="3" name="Default test" time="67.817" errors="0" timestamp="2023-08-23T15:07:22 IST">
  <testcase classname="com.apollo2.HSB_65.imageloading" name="login" time="24.017"/>
  <testcase classname="com.apollo2.HSB_65.imageloading" name="sectionselect" time="14.594"/>
  <testcase classname="com.apollo2.HSB_65.imageloading" name="imagelaodingatlas" time="27.646"/>
  <testcase classname="com.apollo2.HSB_65.imageloading" name="imagelaodingcell" time="0.0">
    <ignored/>
  </testcase> <!-- imagelaodingcell -->
</testsuite> <!-- Default test -->
