-------------------------------------------------------------------------------
Test set: com.apollo2.HSB_65.imageloading
-------------------------------------------------------------------------------
Tests run: 3, Failures: 1, Errors: 0, Skipped: 0, Time elapsed: 100.471 s <<< FAILURE! - in com.apollo2.HSB_65.imageloading
com.apollo2.HSB_65.imageloading.imagelaodingcell  Time elapsed: 21.8 s  <<< FAILURE!
java.lang.AssertionError: Values should be different. Actual: B_118_FB10-SL_357-ST_NISL-SE_1069_compressed.jp2
	at com.apollo2.HSB_65.imageloading.imagelaodingcell(imageloading.java:130)

