<?xml version="1.0" encoding="UTF-8"?>
<testsuite xmlns:xsi="http://www.w3.org/2001/XMLSchema-instance" xsi:noNamespaceSchemaLocation="https://maven.apache.org/surefire/maven-surefire-plugin/xsd/surefire-test-report-3.0.xsd" version="3.0" name="com.apollo2.HSB_65.imageloading" time="100.471" tests="3" errors="0" skipped="0" failures="1">
  <properties>
[...]
</properties>
  <testcase name="login" classname="com.apollo2.HSB_65.imageloading" time="61.586">
    <system-err><![CDATA[Aug 23, 2023 2:34:19 PM org.openqa.selenium.remote.DesiredCapabilities chrome
INFO: Using `new ChromeOptions()` is preferred to `DesiredCapabilities.chrome()`
Aug 23, 2023 2:34:20 PM org.openqa.selenium.remote.ProtocolHandshake createSession
INFO: Detected dialect: W3C
]]></system-err>
  </testcase>
  <testcase name="sectionselect" classname="com.apollo2.HSB_65.imageloading" time="13.628"/>
  <testcase name="imagelaodingcell" classname="com.apollo2.HSB_65.imageloading" time="21.8">
    <failure message="Values should be different. Actual: B_118_FB10-SL_357-ST_NISL-SE_1069_compressed.jp2" type="java.lang.AssertionError"><![CDATA[java.lang.AssertionError: Values should be different. Actual: B_118_FB10-SL_357-ST_NISL-SE_1069_compressed.jp2
	at com.apollo2.HSB_65.imageloading.imagelaodingcell(imageloading.java:130)
]]></failure>
    <system-out><![CDATA[filename HD-B_118_FB10-SL_357-ST_NISL-SE_1069_compressed.jp2
filename cellannotation-B_118_FB10-SL_357-ST_NISL-SE_1069_compressed.jp2
]]></system-out>
  </testcase>
</testsuite>