<?xml version="1.0" encoding="UTF-8"?>
<testng-results ignored="1" total="4" passed="3" failed="0" skipped="0">
  <reporter-output>
  </reporter-output>
  <suite started-at="2023-08-23T15:06:14 IST" name="Default suite" finished-at="2023-08-23T15:07:22 IST" duration-ms="67817">
    <groups>
    </groups>
    <test started-at="2023-08-23T15:06:14 IST" name="Default test" finished-at="2023-08-23T15:07:22 IST" duration-ms="67817">
      <class name="com.apollo2.HSB_65.imageloading">
        <test-method is-config="true" signature="setup()[pri:0, instance:com.apollo2.HSB_65.imageloading@4efc180e]" started-at="2023-08-23T15:06:15 IST" name="setup" finished-at="2023-08-23T15:06:16 IST" duration-ms="1259" status="PASS">
          <reporter-output>
          </reporter-output>
        </test-method> <!-- setup -->
        <test-method signature="login()[pri:1, instance:com.apollo2.HSB_65.imageloading@4efc180e]" started-at="2023-08-23T15:06:16 IST" name="login" finished-at="2023-08-23T15:06:40 IST" duration-ms="24017" status="PASS">
          <reporter-output>
          </reporter-output>
        </test-method> <!-- login -->
        <test-method signature="sectionselect()[pri:2, instance:com.apollo2.HSB_65.imageloading@4efc180e]" started-at="2023-08-23T15:06:40 IST" name="sectionselect" finished-at="2023-08-23T15:06:54 IST" duration-ms="14594" status="PASS">
          <reporter-output>
          </reporter-output>
        </test-method> <!-- sectionselect -->
        <test-method signature="imagelaodingatlas()[pri:3, instance:com.apollo2.HSB_65.imageloading@4efc180e]" started-at="2023-08-23T15:06:54 IST" name="imagelaodingatlas" finished-at="2023-08-23T15:07:22 IST" duration-ms="27646" status="PASS">
          <reporter-output>
          </reporter-output>
        </test-method> <!-- imagelaodingatlas -->
        <test-method is-config="true" signature="close()[pri:0, instance:com.apollo2.HSB_65.imageloading@4efc180e]" started-at="2023-08-23T15:07:22 IST" name="close" finished-at="2023-08-23T15:07:22 IST" duration-ms="273" status="PASS">
          <reporter-output>
          </reporter-output>
        </test-method> <!-- close -->
      </class> <!-- com.apollo2.HSB_65.imageloading -->
    </test> <!-- Default test -->
  </suite> <!-- Default suite -->
</testng-results>
